<html>
<head>
<title>TestNG:  Default test</title>
<link href="../testng.css" rel="stylesheet" type="text/css" />
<link href="../my-testng.css" rel="stylesheet" type="text/css" />

<style type="text/css">
.log { display: none;} 
.stack-trace { display: none;} 
</style>
<script type="text/javascript">
<!--
function flip(e) {
  current = e.style.display;
  if (current == 'block') {
    e.style.display = 'none';
    return 0;
  }
  else {
    e.style.display = 'block';
    return 1;
  }
}

function toggleBox(szDivId, elem, msg1, msg2)
{
  var res = -1;  if (document.getElementById) {
    res = flip(document.getElementById(szDivId));
  }
  else if (document.all) {
    // this is the way old msie versions work
    res = flip(document.all[szDivId]);
  }
  if(elem) {
    if(res == 0) elem.innerHTML = msg1; else elem.innerHTML = msg2;
  }

}

function toggleAllBoxes() {
  if (document.getElementsByTagName) {
    d = document.getElementsByTagName('div');
    for (i = 0; i < d.length; i++) {
      if (d[i].className == 'log') {
        flip(d[i]);
      }
    }
  }
}

// -->
</script>

</head>
<body>
<h2 align='center'>Default test</h2><table border='1' align="center">
<tr>
<td>Tests passed/Failed/Skipped:</td><td>8/1/0</td>
</tr><tr>
<td>Started on:</td><td>Fri Dec 20 12:41:19 IST 2024</td>
</tr>
<tr><td>Total time:</td><td>91 seconds (91778 ms)</td>
</tr><tr>
<td>Included groups:</td><td></td>
</tr><tr>
<td>Excluded groups:</td><td></td>
</tr>
</table><p/>
<small><i>(Hover the method name to see the test class name)</i></small><p/>
<table width='100%' border='1' class='invocation-failed'>
<tr><td colspan='4' align='center'><b>FAILED TESTS</b></td></tr>
<tr><td><b>Test method</b></td>
<td><b>Attribute(s)</b></td>
<td width="30%"><b>Exception</b></td>
<td width="10%"><b>Time (seconds)</b></td>
<td><b>Instance</b></td>
</tr>
<tr>
<td title='com.testingshastra.runner.FeatureRunner.runScenario()'><b>runScenario</b><br>Test class: com.testingshastra.runner.FeatureRunner<br>Test method: Runs Cucumber Scenarios<br>Parameters: "Verify count of items for kids T-Shirt", "This feature tests the product with all scenarios"</td>
<td><div><pre>org.openqa.selenium.SessionNotCreatedException: Could not start a new session. Response code 500. Message: Process unexpectedly closed with status 0 
Host info: host: &apos;192.168.1.21&apos;, ip: &apos;2401:4900:5317:41df:9038:4c10:ac79:be2%en0&apos;
Build info: version: &apos;4.25.0&apos;, revision: &apos;8a8aea2337&apos;
System info: os.name: &apos;Mac OS X&apos;, os.arch: &apos;x86_64&apos;, os.version: &apos;15.1.1&apos;, java.version: &apos;17.0.11&apos;
Driver info: org.openqa.selenium.firefox.FirefoxDriver
Command: [null, newSession {capabilities=[Capabilities {acceptInsecureCerts: true, browserName: firefox, moz:debuggerAddress: true, moz:firefoxOptions: {binary: /Applications/Firefox.app/C..., prefs: {remote.active-protocols: 3}}}]}]
	at org.openqa.selenium.remote.ProtocolHandshake.createSession(ProtocolHandshake.java:114)
	at org.openqa.selenium.remote.ProtocolHandshake.createSession(ProtocolHandshake.java:75)
	at org.openqa.selenium.remote.ProtocolHandshake.createSession(ProtocolHandshake.java:61)
	at org.openqa.selenium.remote.HttpCommandExecutor.execute(HttpCommandExecutor.java:162)
	at org.openqa.selenium.remote.service.DriverCommandExecutor.invokeExecute(DriverCommandExecutor.java:216)
	at org.openqa.selenium.remote.service.DriverCommandExecutor.execute(DriverCommandExecutor.java:174)
	at org.openqa.selenium.remote.RemoteWebDriver.execute(RemoteWebDriver.java:545)
	at org.openqa.selenium.remote.RemoteWebDriver.startSession(RemoteWebDriver.java:245)
	at org.openqa.selenium.remote.RemoteWebDriver.&lt;init&gt;(RemoteWebDriver.java:174)
	at org.openqa.selenium.firefox.FirefoxDriver.&lt;init&gt;(FirefoxDriver.java:155)
	at org.openqa.selenium.firefox.FirefoxDriver.&lt;init&gt;(FirefoxDriver.java:150)
	at org.openqa.selenium.firefox.FirefoxDriver.&lt;init&gt;(FirefoxDriver.java:132)
	at org.openqa.selenium.firefox.FirefoxDriver.&lt;init&gt;(FirefoxDriver.java:127)
	at org.openqa.selenium.firefox.FirefoxDriver.&lt;init&gt;(FirefoxDriver.java:112)
	at org.openqa.selenium.firefox.FirefoxDriver.&lt;init&gt;(FirefoxDriver.java:102)
	at com.testingshastra.base.Keyword.openBrowser(Keyword.java:22)
	at com.testingshastra.stepdefinitions.Hooks.setUp(Hooks.java:14)
</pre></div><a href='#' onClick='toggleBox("stack-trace956856274", this, "Click to show all stack frames", "Click to hide stack frames")'>Click to show all stack frames</a>
<div class='stack-trace' id='stack-trace956856274'><pre>org.openqa.selenium.SessionNotCreatedException: Could not start a new session. Response code 500. Message: Process unexpectedly closed with status 0 
Host info: host: &apos;192.168.1.21&apos;, ip: &apos;2401:4900:5317:41df:9038:4c10:ac79:be2%en0&apos;
Build info: version: &apos;4.25.0&apos;, revision: &apos;8a8aea2337&apos;
System info: os.name: &apos;Mac OS X&apos;, os.arch: &apos;x86_64&apos;, os.version: &apos;15.1.1&apos;, java.version: &apos;17.0.11&apos;
Driver info: org.openqa.selenium.firefox.FirefoxDriver
Command: [null, newSession {capabilities=[Capabilities {acceptInsecureCerts: true, browserName: firefox, moz:debuggerAddress: true, moz:firefoxOptions: {binary: /Applications/Firefox.app/C..., prefs: {remote.active-protocols: 3}}}]}]
	at org.openqa.selenium.remote.ProtocolHandshake.createSession(ProtocolHandshake.java:114)
	at org.openqa.selenium.remote.ProtocolHandshake.createSession(ProtocolHandshake.java:75)
	at org.openqa.selenium.remote.ProtocolHandshake.createSession(ProtocolHandshake.java:61)
	at org.openqa.selenium.remote.HttpCommandExecutor.execute(HttpCommandExecutor.java:162)
	at org.openqa.selenium.remote.service.DriverCommandExecutor.invokeExecute(DriverCommandExecutor.java:216)
	at org.openqa.selenium.remote.service.DriverCommandExecutor.execute(DriverCommandExecutor.java:174)
	at org.openqa.selenium.remote.RemoteWebDriver.execute(RemoteWebDriver.java:545)
	at org.openqa.selenium.remote.RemoteWebDriver.startSession(RemoteWebDriver.java:245)
	at org.openqa.selenium.remote.RemoteWebDriver.&lt;init&gt;(RemoteWebDriver.java:174)
	at org.openqa.selenium.firefox.FirefoxDriver.&lt;init&gt;(FirefoxDriver.java:155)
	at org.openqa.selenium.firefox.FirefoxDriver.&lt;init&gt;(FirefoxDriver.java:150)
	at org.openqa.selenium.firefox.FirefoxDriver.&lt;init&gt;(FirefoxDriver.java:132)
	at org.openqa.selenium.firefox.FirefoxDriver.&lt;init&gt;(FirefoxDriver.java:127)
	at org.openqa.selenium.firefox.FirefoxDriver.&lt;init&gt;(FirefoxDriver.java:112)
	at org.openqa.selenium.firefox.FirefoxDriver.&lt;init&gt;(FirefoxDriver.java:102)
	at com.testingshastra.base.Keyword.openBrowser(Keyword.java:22)
	at com.testingshastra.stepdefinitions.Hooks.setUp(Hooks.java:14)
</pre></div></td>
<td>6</td>
<td>com.testingshastra.runner.FeatureRunner@17f62e33</td></tr>
</table><p>
<table width='100%' border='1' class='invocation-passed'>
<tr><td colspan='4' align='center'><b>PASSED TESTS</b></td></tr>
<tr><td><b>Test method</b></td>
<td><b>Attribute(s)</b></td>
<td width="30%"><b>Exception</b></td>
<td width="10%"><b>Time (seconds)</b></td>
<td><b>Instance</b></td>
</tr>
<tr>
<td title='com.testingshastra.runner.FeatureRunner.runScenario()'><b>runScenario</b><br>Test class: com.testingshastra.runner.FeatureRunner<br>Test method: Runs Cucumber Scenarios<br>Parameters: "", "This feature explains parameterization in cucumber"</td>
<td></td>
<td>7</td>
<td>com.testingshastra.runner.FeatureRunner@17f62e33</td></tr>
<tr>
<td title='com.testingshastra.runner.FeatureRunner.runScenario()'><b>runScenario</b><br>Test class: com.testingshastra.runner.FeatureRunner<br>Test method: Runs Cucumber Scenarios<br>Parameters: "", "This feature explains parameterization in cucumber"</td>
<td></td>
<td>7</td>
<td>com.testingshastra.runner.FeatureRunner@17f62e33</td></tr>
<tr>
<td title='com.testingshastra.runner.FeatureRunner.runScenario()'><b>runScenario</b><br>Test class: com.testingshastra.runner.FeatureRunner<br>Test method: Runs Cucumber Scenarios<br>Parameters: "", "This feature explains parameterization in cucumber"</td>
<td></td>
<td>7</td>
<td>com.testingshastra.runner.FeatureRunner@17f62e33</td></tr>
<tr>
<td title='com.testingshastra.runner.FeatureRunner.runScenario()'><b>runScenario</b><br>Test class: com.testingshastra.runner.FeatureRunner<br>Test method: Runs Cucumber Scenarios<br>Parameters: "Passing list as arguments", "This feature explains parameterization in cucumber"</td>
<td></td>
<td>8</td>
<td>com.testingshastra.runner.FeatureRunner@17f62e33</td></tr>
<tr>
<td title='com.testingshastra.runner.FeatureRunner.runScenario()'><b>runScenario</b><br>Test class: com.testingshastra.runner.FeatureRunner<br>Test method: Runs Cucumber Scenarios<br>Parameters: "", "This feature explains parameterization in cucumber"</td>
<td></td>
<td>7</td>
<td>com.testingshastra.runner.FeatureRunner@17f62e33</td></tr>
<tr>
<td title='com.testingshastra.runner.FeatureRunner.runScenario()'><b>runScenario</b><br>Test class: com.testingshastra.runner.FeatureRunner<br>Test method: Runs Cucumber Scenarios<br>Parameters: "", "This feature explains parameterization in cucumber"</td>
<td></td>
<td>6</td>
<td>com.testingshastra.runner.FeatureRunner@17f62e33</td></tr>
<tr>
<td title='com.testingshastra.runner.FeatureRunner.runScenario()'><b>runScenario</b><br>Test class: com.testingshastra.runner.FeatureRunner<br>Test method: Runs Cucumber Scenarios<br>Parameters: "", "This feature explains parameterization in cucumber"</td>
<td></td>
<td>6</td>
<td>com.testingshastra.runner.FeatureRunner@17f62e33</td></tr>
<tr>
<td title='com.testingshastra.runner.FeatureRunner.runScenario()'><b>runScenario</b><br>Test class: com.testingshastra.runner.FeatureRunner<br>Test method: Runs Cucumber Scenarios<br>Parameters: "Parameteising a single step", "This feature explains parameterization in cucumber"</td>
<td></td>
<td>32</td>
<td>com.testingshastra.runner.FeatureRunner@17f62e33</td></tr>
</table><p>
</body>
</html>