<?xml version="1.0" encoding="UTF-8"?>
<!-- Generated by org.testng.reporters.JUnitReportReporter -->
<testsuite hostname="192.168.1.21" failures="0" tests="9" name="com.testingshastra.runner.FeatureRunner" time="90.943" errors="1" timestamp="2024-12-20T12:42:51 IST" skipped="0">
  <testcase classname="com.testingshastra.runner.FeatureRunner" name="runScenario" time="7.225"/>
  <system-out/>
  <testcase classname="com.testingshastra.runner.FeatureRunner" name="runScenario" time="7.015"/>
  <system-out/>
  <testcase classname="com.testingshastra.runner.FeatureRunner" name="runScenario" time="7.094"/>
  <system-out/>
  <testcase classname="com.testingshastra.runner.FeatureRunner" name="runScenario" time="8.922"/>
  <system-out/>
  <testcase classname="com.testingshastra.runner.FeatureRunner" name="runScenario" time="7.732"/>
  <system-out/>
  <testcase classname="com.testingshastra.runner.FeatureRunner" name="runScenario" time="6.959"/>
  <system-out/>
  <testcase classname="com.testingshastra.runner.FeatureRunner" name="runScenario" time="6.980"/>
  <system-out/>
  <testcase classname="com.testingshastra.runner.FeatureRunner" name="runScenario" time="32.099"/>
  <system-out/>
  <testcase classname="com.testingshastra.runner.FeatureRunner" name="runScenario" time="6.917">
    <error message="Could not start a new session. Response code 500. Message: Process unexpectedly closed with status 0 
Host info: host: &#039;192.168.1.21&#039;, ip: &#039;2401:4900:5317:41df:9038:4c10:ac79:be2%en0&#039;
Build info: version: &#039;4.25.0&#039;, revision: &#039;8a8aea2337&#039;
System info: os.name: &#039;Mac OS X&#039;, os.arch: &#039;x86_64&#039;, os.version: &#039;15.1.1&#039;, java.version: &#039;17.0.11&#039;
Driver info: org.openqa.selenium.firefox.FirefoxDriver
Command: [null, newSession {capabilities=[Capabilities {acceptInsecureCerts: true, browserName: firefox, moz:debuggerAddress: true, moz:firefoxOptions: {binary: /Applications/Firefox.app/C..., prefs: {remote.active-protocols: 3}}}]}]" type="org.openqa.selenium.SessionNotCreatedException">
      <![CDATA[org.openqa.selenium.SessionNotCreatedException: Could not start a new session. Response code 500. Message: Process unexpectedly closed with status 0 
Host info: host: '192.168.1.21', ip: '2401:4900:5317:41df:9038:4c10:ac79:be2%en0'
Build info: version: '4.25.0', revision: '8a8aea2337'
System info: os.name: 'Mac OS X', os.arch: 'x86_64', os.version: '15.1.1', java.version: '17.0.11'
Driver info: org.openqa.selenium.firefox.FirefoxDriver
Command: [null, newSession {capabilities=[Capabilities {acceptInsecureCerts: true, browserName: firefox, moz:debuggerAddress: true, moz:firefoxOptions: {binary: /Applications/Firefox.app/C..., prefs: {remote.active-protocols: 3}}}]}]
at org.openqa.selenium.remote.ProtocolHandshake.createSession(ProtocolHandshake.java:114)
at org.openqa.selenium.remote.ProtocolHandshake.createSession(ProtocolHandshake.java:75)
at org.openqa.selenium.remote.ProtocolHandshake.createSession(ProtocolHandshake.java:61)
at org.openqa.selenium.remote.HttpCommandExecutor.execute(HttpCommandExecutor.java:162)
at org.openqa.selenium.remote.service.DriverCommandExecutor.invokeExecute(DriverCommandExecutor.java:216)
at org.openqa.selenium.remote.service.DriverCommandExecutor.execute(DriverCommandExecutor.java:174)
at org.openqa.selenium.remote.RemoteWebDriver.execute(RemoteWebDriver.java:545)
at org.openqa.selenium.remote.RemoteWebDriver.startSession(RemoteWebDriver.java:245)
at org.openqa.selenium.remote.RemoteWebDriver.<init>(RemoteWebDriver.java:174)
at org.openqa.selenium.firefox.FirefoxDriver.<init>(FirefoxDriver.java:155)
at org.openqa.selenium.firefox.FirefoxDriver.<init>(FirefoxDriver.java:150)
at org.openqa.selenium.firefox.FirefoxDriver.<init>(FirefoxDriver.java:132)
at org.openqa.selenium.firefox.FirefoxDriver.<init>(FirefoxDriver.java:127)
at org.openqa.selenium.firefox.FirefoxDriver.<init>(FirefoxDriver.java:112)
at org.openqa.selenium.firefox.FirefoxDriver.<init>(FirefoxDriver.java:102)
at com.testingshastra.base.Keyword.openBrowser(Keyword.java:22)
at com.testingshastra.stepdefinitions.Hooks.setUp(Hooks.java:14)
]]>
    </error>
  </testcase> <!-- runScenario -->
  <system-out/>
</testsuite> <!-- com.testingshastra.runner.FeatureRunner -->
